{"$message_type":"diagnostic","message":"cannot find struct, variant or union type `NodeMeta` in crate `kern_graph_builder`","code":{"code":"E0422","explanation":"An identifier that is neither defined nor a struct was used.\n\nErroneous code example:\n\n```compile_fail,E0422\nfn main () {\n    let x = Foo { x: 1, y: 2 };\n}\n```\n\nIn this case, `Foo` is undefined, so it inherently isn't anything, and\ndefinitely not a struct.\n\n```compile_fail\nfn main () {\n    let foo = 1;\n    let x = foo { x: 1, y: 2 };\n}\n```\n\nIn this case, `foo` is defined, but is not a struct, so Rust can't use it as\none.\n"},"level":"error","spans":[{"file_name":"tests\\rule_evaluation_tests.rs","byte_start":1265,"byte_end":1273,"line_start":35,"line_end":35,"column_start":35,"column_end":43,"is_primary":true,"text":[{"text":"        meta: kern_graph_builder::NodeMeta {","highlight_start":35,"highlight_end":43}],"label":"not found in `kern_graph_builder`","suggested_replacement":null,"suggestion_applicability":null,"expansion":null}],"children":[],"rendered":"\u001b[1m\u001b[91merror[E0422]\u001b[0m\u001b[1m\u001b[97m: cannot find struct, variant or union type `NodeMeta` in crate `kern_graph_builder`\u001b[0m\n  \u001b[1m\u001b[96m--> \u001b[0mtests\\rule_evaluation_tests.rs:35:35\n   \u001b[1m\u001b[96m|\u001b[0m\n\u001b[1m\u001b[96m35\u001b[0m \u001b[1m\u001b[96m|\u001b[0m         meta: kern_graph_builder::NodeMeta {\n   \u001b[1m\u001b[96m|\u001b[0m                                   \u001b[1m\u001b[91m^^^^^^^^\u001b[0m \u001b[1m\u001b[91mnot found in `kern_graph_builder`\u001b[0m\n\n"}
{"$message_type":"diagnostic","message":"cannot find struct, variant or union type `NodeMeta` in crate `kern_graph_builder`","code":{"code":"E0422","explanation":"An identifier that is neither defined nor a struct was used.\n\nErroneous code example:\n\n```compile_fail,E0422\nfn main () {\n    let x = Foo { x: 1, y: 2 };\n}\n```\n\nIn this case, `Foo` is undefined, so it inherently isn't anything, and\ndefinitely not a struct.\n\n```compile_fail\nfn main () {\n    let foo = 1;\n    let x = foo { x: 1, y: 2 };\n}\n```\n\nIn this case, `foo` is defined, but is not a struct, so Rust can't use it as\none.\n"},"level":"error","spans":[{"file_name":"tests\\rule_evaluation_tests.rs","byte_start":3000,"byte_end":3008,"line_start":91,"line_end":91,"column_start":35,"column_end":43,"is_primary":true,"text":[{"text":"        meta: kern_graph_builder::NodeMeta {","highlight_start":35,"highlight_end":43}],"label":"not found in `kern_graph_builder`","suggested_replacement":null,"suggestion_applicability":null,"expansion":null}],"children":[],"rendered":"\u001b[1m\u001b[91merror[E0422]\u001b[0m\u001b[1m\u001b[97m: cannot find struct, variant or union type `NodeMeta` in crate `kern_graph_builder`\u001b[0m\n  \u001b[1m\u001b[96m--> \u001b[0mtests\\rule_evaluation_tests.rs:91:35\n   \u001b[1m\u001b[96m|\u001b[0m\n\u001b[1m\u001b[96m91\u001b[0m \u001b[1m\u001b[96m|\u001b[0m         meta: kern_graph_builder::NodeMeta {\n   \u001b[1m\u001b[96m|\u001b[0m                                   \u001b[1m\u001b[91m^^^^^^^^\u001b[0m \u001b[1m\u001b[91mnot found in `kern_graph_builder`\u001b[0m\n\n"}
{"$message_type":"diagnostic","message":"cannot find struct, variant or union type `NodeMeta` in crate `kern_graph_builder`","code":{"code":"E0422","explanation":"An identifier that is neither defined nor a struct was used.\n\nErroneous code example:\n\n```compile_fail,E0422\nfn main () {\n    let x = Foo { x: 1, y: 2 };\n}\n```\n\nIn this case, `Foo` is undefined, so it inherently isn't anything, and\ndefinitely not a struct.\n\n```compile_fail\nfn main () {\n    let foo = 1;\n    let x = foo { x: 1, y: 2 };\n}\n```\n\nIn this case, `foo` is defined, but is not a struct, so Rust can't use it as\none.\n"},"level":"error","spans":[{"file_name":"tests\\rule_evaluation_tests.rs","byte_start":4629,"byte_end":4637,"line_start":144,"line_end":144,"column_start":39,"column_end":47,"is_primary":true,"text":[{"text":"            meta: kern_graph_builder::NodeMeta {","highlight_start":39,"highlight_end":47}],"label":"not found in `kern_graph_builder`","suggested_replacement":null,"suggestion_applicability":null,"expansion":null}],"children":[],"rendered":"\u001b[1m\u001b[91merror[E0422]\u001b[0m\u001b[1m\u001b[97m: cannot find struct, variant or union type `NodeMeta` in crate `kern_graph_builder`\u001b[0m\n   \u001b[1m\u001b[96m--> \u001b[0mtests\\rule_evaluation_tests.rs:144:39\n    \u001b[1m\u001b[96m|\u001b[0m\n\u001b[1m\u001b[96m144\u001b[0m \u001b[1m\u001b[96m|\u001b[0m             meta: kern_graph_builder::NodeMeta {\n    \u001b[1m\u001b[96m|\u001b[0m                                       \u001b[1m\u001b[91m^^^^^^^^\u001b[0m \u001b[1m\u001b[91mnot found in `kern_graph_builder`\u001b[0m\n\n"}
{"$message_type":"diagnostic","message":"cannot find struct, variant or union type `NodeMeta` in crate `kern_graph_builder`","code":{"code":"E0422","explanation":"An identifier that is neither defined nor a struct was used.\n\nErroneous code example:\n\n```compile_fail,E0422\nfn main () {\n    let x = Foo { x: 1, y: 2 };\n}\n```\n\nIn this case, `Foo` is undefined, so it inherently isn't anything, and\ndefinitely not a struct.\n\n```compile_fail\nfn main () {\n    let foo = 1;\n    let x = foo { x: 1, y: 2 };\n}\n```\n\nIn this case, `foo` is defined, but is not a struct, so Rust can't use it as\none.\n"},"level":"error","spans":[{"file_name":"tests\\rule_evaluation_tests.rs","byte_start":6577,"byte_end":6585,"line_start":205,"line_end":205,"column_start":39,"column_end":47,"is_primary":true,"text":[{"text":"            meta: kern_graph_builder::NodeMeta {","highlight_start":39,"highlight_end":47}],"label":"not found in `kern_graph_builder`","suggested_replacement":null,"suggestion_applicability":null,"expansion":null}],"children":[],"rendered":"\u001b[1m\u001b[91merror[E0422]\u001b[0m\u001b[1m\u001b[97m: cannot find struct, variant or union type `NodeMeta` in crate `kern_graph_builder`\u001b[0m\n   \u001b[1m\u001b[96m--> \u001b[0mtests\\rule_evaluation_tests.rs:205:39\n    \u001b[1m\u001b[96m|\u001b[0m\n\u001b[1m\u001b[96m205\u001b[0m \u001b[1m\u001b[96m|\u001b[0m             meta: kern_graph_builder::NodeMeta {\n    \u001b[1m\u001b[96m|\u001b[0m                                       \u001b[1m\u001b[91m^^^^^^^^\u001b[0m \u001b[1m\u001b[91mnot found in `kern_graph_builder`\u001b[0m\n\n"}
{"$message_type":"diagnostic","message":"cannot find struct, variant or union type `NodeMeta` in crate `kern_graph_builder`","code":{"code":"E0422","explanation":"An identifier that is neither defined nor a struct was used.\n\nErroneous code example:\n\n```compile_fail,E0422\nfn main () {\n    let x = Foo { x: 1, y: 2 };\n}\n```\n\nIn this case, `Foo` is undefined, so it inherently isn't anything, and\ndefinitely not a struct.\n\n```compile_fail\nfn main () {\n    let foo = 1;\n    let x = foo { x: 1, y: 2 };\n}\n```\n\nIn this case, `foo` is defined, but is not a struct, so Rust can't use it as\none.\n"},"level":"error","spans":[{"file_name":"tests\\rule_evaluation_tests.rs","byte_start":10543,"byte_end":10551,"line_start":324,"line_end":324,"column_start":35,"column_end":43,"is_primary":true,"text":[{"text":"        meta: kern_graph_builder::NodeMeta {","highlight_start":35,"highlight_end":43}],"label":"not found in `kern_graph_builder`","suggested_replacement":null,"suggestion_applicability":null,"expansion":null}],"children":[],"rendered":"\u001b[1m\u001b[91merror[E0422]\u001b[0m\u001b[1m\u001b[97m: cannot find struct, variant or union type `NodeMeta` in crate `kern_graph_builder`\u001b[0m\n   \u001b[1m\u001b[96m--> \u001b[0mtests\\rule_evaluation_tests.rs:324:35\n    \u001b[1m\u001b[96m|\u001b[0m\n\u001b[1m\u001b[96m324\u001b[0m \u001b[1m\u001b[96m|\u001b[0m         meta: kern_graph_builder::NodeMeta {\n    \u001b[1m\u001b[96m|\u001b[0m                                   \u001b[1m\u001b[91m^^^^^^^^\u001b[0m \u001b[1m\u001b[91mnot found in `kern_graph_builder`\u001b[0m\n\n"}
{"$message_type":"diagnostic","message":"cannot find struct, variant or union type `NodeMeta` in crate `kern_graph_builder`","code":{"code":"E0422","explanation":"An identifier that is neither defined nor a struct was used.\n\nErroneous code example:\n\n```compile_fail,E0422\nfn main () {\n    let x = Foo { x: 1, y: 2 };\n}\n```\n\nIn this case, `Foo` is undefined, so it inherently isn't anything, and\ndefinitely not a struct.\n\n```compile_fail\nfn main () {\n    let foo = 1;\n    let x = foo { x: 1, y: 2 };\n}\n```\n\nIn this case, `foo` is defined, but is not a struct, so Rust can't use it as\none.\n"},"level":"error","spans":[{"file_name":"tests\\rule_evaluation_tests.rs","byte_start":13066,"byte_end":13074,"line_start":406,"line_end":406,"column_start":35,"column_end":43,"is_primary":true,"text":[{"text":"        meta: kern_graph_builder::NodeMeta {","highlight_start":35,"highlight_end":43}],"label":"not found in `kern_graph_builder`","suggested_replacement":null,"suggestion_applicability":null,"expansion":null}],"children":[],"rendered":"\u001b[1m\u001b[91merror[E0422]\u001b[0m\u001b[1m\u001b[97m: cannot find struct, variant or union type `NodeMeta` in crate `kern_graph_builder`\u001b[0m\n   \u001b[1m\u001b[96m--> \u001b[0mtests\\rule_evaluation_tests.rs:406:35\n    \u001b[1m\u001b[96m|\u001b[0m\n\u001b[1m\u001b[96m406\u001b[0m \u001b[1m\u001b[96m|\u001b[0m         meta: kern_graph_builder::NodeMeta {\n    \u001b[1m\u001b[96m|\u001b[0m                                   \u001b[1m\u001b[91m^^^^^^^^\u001b[0m \u001b[1m\u001b[91mnot found in `kern_graph_builder`\u001b[0m\n\n"}
{"$message_type":"diagnostic","message":"unused imports: `AssertionResult`, `assert_false`, and `assert_true`","code":{"code":"unused_imports","explanation":null},"level":"warning","spans":[{"file_name":"tests\\rule_evaluation_tests.rs","byte_start":51,"byte_end":63,"line_start":2,"line_end":2,"column_start":40,"column_end":52,"is_primary":true,"text":[{"text":"use common::assertions::{assert_equal, assert_false, assert_true, AssertionResult};","highlight_start":40,"highlight_end":52}],"label":null,"suggested_replacement":null,"suggestion_applicability":null,"expansion":null},{"file_name":"tests\\rule_evaluation_tests.rs","byte_start":65,"byte_end":76,"line_start":2,"line_end":2,"column_start":54,"column_end":65,"is_primary":true,"text":[{"text":"use common::assertions::{assert_equal, assert_false, assert_true, AssertionResult};","highlight_start":54,"highlight_end":65}],"label":null,"suggested_replacement":null,"suggestion_applicability":null,"expansion":null},{"file_name":"tests\\rule_evaluation_tests.rs","byte_start":78,"byte_end":93,"line_start":2,"line_end":2,"column_start":67,"column_end":82,"is_primary":true,"text":[{"text":"use common::assertions::{assert_equal, assert_false, assert_true, AssertionResult};","highlight_start":67,"highlight_end":82}],"label":null,"suggested_replacement":null,"suggestion_applicability":null,"expansion":null}],"children":[{"message":"`#[warn(unused_imports)]` (part of `#[warn(unused)]`) on by default","code":null,"level":"note","spans":[],"children":[],"rendered":null},{"message":"remove the unused imports","code":null,"level":"help","spans":[{"file_name":"tests\\rule_evaluation_tests.rs","byte_start":49,"byte_end":93,"line_start":2,"line_end":2,"column_start":38,"column_end":82,"is_primary":true,"text":[{"text":"use common::assertions::{assert_equal, assert_false, assert_true, AssertionResult};","highlight_start":38,"highlight_end":82}],"label":null,"suggested_replacement":"","suggestion_applicability":"MachineApplicable","expansion":null},{"file_name":"tests\\rule_evaluation_tests.rs","byte_start":36,"byte_end":37,"line_start":2,"line_end":2,"column_start":25,"column_end":26,"is_primary":true,"text":[{"text":"use common::assertions::{assert_equal, assert_false, assert_true, AssertionResult};","highlight_start":25,"highlight_end":26}],"label":null,"suggested_replacement":"","suggestion_applicability":"MachineApplicable","expansion":null},{"file_name":"tests\\rule_evaluation_tests.rs","byte_start":93,"byte_end":94,"line_start":2,"line_end":2,"column_start":82,"column_end":83,"is_primary":true,"text":[{"text":"use common::assertions::{assert_equal, assert_false, assert_true, AssertionResult};","highlight_start":82,"highlight_end":83}],"label":null,"suggested_replacement":"","suggestion_applicability":"MachineApplicable","expansion":null}],"children":[],"rendered":null}],"rendered":"\u001b[1m\u001b[93mwarning\u001b[0m\u001b[1m\u001b[97m: unused imports: `AssertionResult`, `assert_false`, and `assert_true`\u001b[0m\n \u001b[1m\u001b[96m--> \u001b[0mtests\\rule_evaluation_tests.rs:2:40\n  \u001b[1m\u001b[96m|\u001b[0m\n\u001b[1m\u001b[96m2\u001b[0m \u001b[1m\u001b[96m|\u001b[0m use common::assertions::{assert_equal, assert_false, assert_true, AssertionResult};\n  \u001b[1m\u001b[96m|\u001b[0m                                        \u001b[1m\u001b[93m^^^^^^^^^^^^\u001b[0m  \u001b[1m\u001b[93m^^^^^^^^^^^\u001b[0m  \u001b[1m\u001b[93m^^^^^^^^^^^^^^^\u001b[0m\n  \u001b[1m\u001b[96m|\u001b[0m\n  \u001b[1m\u001b[96m= \u001b[0m\u001b[1m\u001b[97mnote\u001b[0m: `#[warn(unused_imports)]` (part of `#[warn(unused)]`) on by default\n\n"}
{"$message_type":"diagnostic","message":"unused imports: `ExecutionContext` and `RulePriority`","code":{"code":"unused_imports","explanation":null},"level":"warning","spans":[{"file_name":"tests\\rule_evaluation_tests.rs","byte_start":150,"byte_end":162,"line_start":3,"line_end":3,"column_start":55,"column_end":67,"is_primary":true,"text":[{"text":"use kern_rule_engine::{RuleEngine, RuleExecutionInfo, RulePriority, Value, ExecutionContext, PriorityStrategy};","highlight_start":55,"highlight_end":67}],"label":null,"suggested_replacement":null,"suggestion_applicability":null,"expansion":null},{"file_name":"tests\\rule_evaluation_tests.rs","byte_start":171,"byte_end":187,"line_start":3,"line_end":3,"column_start":76,"column_end":92,"is_primary":true,"text":[{"text":"use kern_rule_engine::{RuleEngine, RuleExecutionInfo, RulePriority, Value, ExecutionContext, PriorityStrategy};","highlight_start":76,"highlight_end":92}],"label":null,"suggested_replacement":null,"suggestion_applicability":null,"expansion":null}],"children":[{"message":"remove the unused imports","code":null,"level":"help","spans":[{"file_name":"tests\\rule_evaluation_tests.rs","byte_start":148,"byte_end":162,"line_start":3,"line_end":3,"column_start":53,"column_end":67,"is_primary":true,"text":[{"text":"use kern_rule_engine::{RuleEngine, RuleExecutionInfo, RulePriority, Value, ExecutionContext, PriorityStrategy};","highlight_start":53,"highlight_end":67}],"label":null,"suggested_replacement":"","suggestion_applicability":"MachineApplicable","expansion":null},{"file_name":"tests\\rule_evaluation_tests.rs","byte_start":169,"byte_end":187,"line_start":3,"line_end":3,"column_start":74,"column_end":92,"is_primary":true,"text":[{"text":"use kern_rule_engine::{RuleEngine, RuleExecutionInfo, RulePriority, Value, ExecutionContext, PriorityStrategy};","highlight_start":74,"highlight_end":92}],"label":null,"suggested_replacement":"","suggestion_applicability":"MachineApplicable","expansion":null}],"children":[],"rendered":null}],"rendered":"\u001b[1m\u001b[93mwarning\u001b[0m\u001b[1m\u001b[97m: unused imports: `ExecutionContext` and `RulePriority`\u001b[0m\n \u001b[1m\u001b[96m--> \u001b[0mtests\\rule_evaluation_tests.rs:3:55\n  \u001b[1m\u001b[96m|\u001b[0m\n\u001b[1m\u001b[96m3\u001b[0m \u001b[1m\u001b[96m|\u001b[0m use kern_rule_engine::{RuleEngine, RuleExecutionInfo, RulePriority, Value, ExecutionContext, PriorityStrategy};\n  \u001b[1m\u001b[96m|\u001b[0m                                                       \u001b[1m\u001b[93m^^^^^^^^^^^^\u001b[0m         \u001b[1m\u001b[93m^^^^^^^^^^^^^^^^\u001b[0m\n\n"}
{"$message_type":"diagnostic","message":"aborting due to 6 previous errors; 2 warnings emitted","code":null,"level":"error","spans":[],"children":[],"rendered":"\u001b[1m\u001b[91merror\u001b[0m\u001b[1m\u001b[97m: aborting due to 6 previous errors; 2 warnings emitted\u001b[0m\n\n"}
{"$message_type":"diagnostic","message":"For more information about this error, try `rustc --explain E0422`.","code":null,"level":"failure-note","spans":[],"children":[],"rendered":"\u001b[1m\u001b[97mFor more information about this error, try `rustc --explain E0422`.\u001b[0m\n"}
