{"$message_type":"diagnostic","message":"unresolved import `kern_bytecode::BytecodeCompiler`","code":{"code":"E0432","explanation":"An import was unresolved.\n\nErroneous code example:\n\n```compile_fail,E0432\nuse something::Foo; // error: unresolved import `something::Foo`.\n```\n\nIn Rust 2015, paths in `use` statements are relative to the crate root. To\nimport items relative to the current and parent modules, use the `self::` and\n`super::` prefixes, respectively.\n\nIn Rust 2018 or later, paths in `use` statements are relative to the current\nmodule unless they begin with the name of a crate or a literal `crate::`, in\nwhich case they start from the crate root. As in Rust 2015 code, the `self::`\nand `super::` prefixes refer to the current and parent modules respectively.\n\nAlso verify that you didn't misspell the import name and that the import exists\nin the module from where you tried to import it. Example:\n\n```\nuse self::something::Foo; // Ok.\n\nmod something {\n    pub struct Foo;\n}\n# fn main() {}\n```\n\nIf you tried to use a module from an external crate and are using Rust 2015,\nyou may have missed the `extern crate` declaration (which is usually placed in\nthe crate root):\n\n```edition2015\nextern crate core; // Required to use the `core` crate in Rust 2015.\n\nuse core::any;\n# fn main() {}\n```\n\nSince Rust 2018 the `extern crate` declaration is not required and\nyou can instead just `use` it:\n\n```edition2018\nuse core::any; // No extern crate required in Rust 2018.\n# fn main() {}\n```\n"},"level":"error","spans":[{"file_name":"kern-vm\\src\\lib.rs","byte_start":21978,"byte_end":22009,"line_start":686,"line_end":686,"column_start":9,"column_end":40,"is_primary":true,"text":[{"text":"    use kern_bytecode::BytecodeCompiler;","highlight_start":9,"highlight_end":40}],"label":"no `BytecodeCompiler` in the root","suggested_replacement":null,"suggestion_applicability":null,"expansion":null}],"children":[{"message":"a similar name exists in the module","code":null,"level":"help","spans":[{"file_name":"kern-vm\\src\\lib.rs","byte_start":21993,"byte_end":22009,"line_start":686,"line_end":686,"column_start":24,"column_end":40,"is_primary":true,"text":[{"text":"    use kern_bytecode::BytecodeCompiler;","highlight_start":24,"highlight_end":40}],"label":null,"suggested_replacement":"BytecodeModule","suggestion_applicability":"MaybeIncorrect","expansion":null}],"children":[],"rendered":null}],"rendered":"\u001b[1m\u001b[91merror[E0432]\u001b[0m\u001b[1m\u001b[97m: unresolved import `kern_bytecode::BytecodeCompiler`\u001b[0m\n   \u001b[1m\u001b[96m--> \u001b[0mkern-vm\\src\\lib.rs:686:9\n    \u001b[1m\u001b[96m|\u001b[0m\n\u001b[1m\u001b[96m686\u001b[0m \u001b[1m\u001b[96m|\u001b[0m     use kern_bytecode::BytecodeCompiler;\n    \u001b[1m\u001b[96m|\u001b[0m         \u001b[1m\u001b[91m^^^^^^^^^^^^^^^\u001b[0m\u001b[1m\u001b[96m----------------\u001b[0m\n    \u001b[1m\u001b[96m|\u001b[0m         \u001b[1m\u001b[91m|\u001b[0m              \u001b[1m\u001b[96m|\u001b[0m\n    \u001b[1m\u001b[96m|\u001b[0m         \u001b[1m\u001b[91m|\u001b[0m              \u001b[1m\u001b[96mhelp: a similar name exists in the module: `BytecodeModule`\u001b[0m\n    \u001b[1m\u001b[96m|\u001b[0m         \u001b[1m\u001b[91mno `BytecodeCompiler` in the root\u001b[0m\n\n"}
{"$message_type":"diagnostic","message":"unused imports: `BytecodeModule` and `Opcode`","code":{"code":"unused_imports","explanation":null},"level":"warning","spans":[{"file_name":"kern-vm\\src\\lib.rs","byte_start":20,"byte_end":34,"line_start":1,"line_end":1,"column_start":21,"column_end":35,"is_primary":true,"text":[{"text":"use kern_bytecode::{BytecodeModule, Instruction, Opcode};","highlight_start":21,"highlight_end":35}],"label":null,"suggested_replacement":null,"suggestion_applicability":null,"expansion":null},{"file_name":"kern-vm\\src\\lib.rs","byte_start":49,"byte_end":55,"line_start":1,"line_end":1,"column_start":50,"column_end":56,"is_primary":true,"text":[{"text":"use kern_bytecode::{BytecodeModule, Instruction, Opcode};","highlight_start":50,"highlight_end":56}],"label":null,"suggested_replacement":null,"suggestion_applicability":null,"expansion":null}],"children":[{"message":"`#[warn(unused_imports)]` (part of `#[warn(unused)]`) on by default","code":null,"level":"note","spans":[],"children":[],"rendered":null},{"message":"remove the unused imports","code":null,"level":"help","spans":[{"file_name":"kern-vm\\src\\lib.rs","byte_start":20,"byte_end":36,"line_start":1,"line_end":1,"column_start":21,"column_end":37,"is_primary":true,"text":[{"text":"use kern_bytecode::{BytecodeModule, Instruction, Opcode};","highlight_start":21,"highlight_end":37}],"label":null,"suggested_replacement":"","suggestion_applicability":"MachineApplicable","expansion":null},{"file_name":"kern-vm\\src\\lib.rs","byte_start":47,"byte_end":55,"line_start":1,"line_end":1,"column_start":48,"column_end":56,"is_primary":true,"text":[{"text":"use kern_bytecode::{BytecodeModule, Instruction, Opcode};","highlight_start":48,"highlight_end":56}],"label":null,"suggested_replacement":"","suggestion_applicability":"MachineApplicable","expansion":null},{"file_name":"kern-vm\\src\\lib.rs","byte_start":19,"byte_end":20,"line_start":1,"line_end":1,"column_start":20,"column_end":21,"is_primary":true,"text":[{"text":"use kern_bytecode::{BytecodeModule, Instruction, Opcode};","highlight_start":20,"highlight_end":21}],"label":null,"suggested_replacement":"","suggestion_applicability":"MachineApplicable","expansion":null},{"file_name":"kern-vm\\src\\lib.rs","byte_start":55,"byte_end":56,"line_start":1,"line_end":1,"column_start":56,"column_end":57,"is_primary":true,"text":[{"text":"use kern_bytecode::{BytecodeModule, Instruction, Opcode};","highlight_start":56,"highlight_end":57}],"label":null,"suggested_replacement":"","suggestion_applicability":"MachineApplicable","expansion":null}],"children":[],"rendered":null}],"rendered":"\u001b[1m\u001b[93mwarning\u001b[0m\u001b[1m\u001b[97m: unused imports: `BytecodeModule` and `Opcode`\u001b[0m\n \u001b[1m\u001b[96m--> \u001b[0mkern-vm\\src\\lib.rs:1:21\n  \u001b[1m\u001b[96m|\u001b[0m\n\u001b[1m\u001b[96m1\u001b[0m \u001b[1m\u001b[96m|\u001b[0m use kern_bytecode::{BytecodeModule, Instruction, Opcode};\n  \u001b[1m\u001b[96m|\u001b[0m                     \u001b[1m\u001b[93m^^^^^^^^^^^^^^\u001b[0m               \u001b[1m\u001b[93m^^^^^^\u001b[0m\n  \u001b[1m\u001b[96m|\u001b[0m\n  \u001b[1m\u001b[96m= \u001b[0m\u001b[1m\u001b[97mnote\u001b[0m: `#[warn(unused_imports)]` (part of `#[warn(unused)]`) on by default\n\n"}
{"$message_type":"diagnostic","message":"this function takes 5 arguments but 3 arguments were supplied","code":{"code":"E0061","explanation":"An invalid number of arguments was passed when calling a function.\n\nErroneous code example:\n\n```compile_fail,E0061\nfn f(u: i32) {}\n\nf(); // error!\n```\n\nThe number of arguments passed to a function must match the number of arguments\nspecified in the function signature.\n\nFor example, a function like:\n\n```\nfn f(a: u16, b: &str) {}\n```\n\nMust always be called with exactly two arguments, e.g., `f(2, \"test\")`.\n\nNote that Rust does not have a notion of optional function arguments or\nvariadic functions (except for its C-FFI).\n"},"level":"error","spans":[{"file_name":"kern-vm\\src\\lib.rs","byte_start":23323,"byte_end":23340,"line_start":730,"line_end":730,"column_start":39,"column_end":56,"is_primary":false,"text":[{"text":"            Instruction::new(0x11, 0, (0u64 << 32) | 42), // LOAD_NUM R0, 42","highlight_start":39,"highlight_end":56}],"label":"expected `u16`, found `u64`","suggested_replacement":null,"suggestion_applicability":null,"expansion":null},{"file_name":"kern-vm\\src\\lib.rs","byte_start":23313,"byte_end":23341,"line_start":730,"line_end":730,"column_start":29,"column_end":57,"is_primary":false,"text":[{"text":"            Instruction::new(0x11, 0, (0u64 << 32) | 42), // LOAD_NUM R0, 42","highlight_start":29,"highlight_end":57}],"label":"two arguments of type `u16` and `u8` are missing","suggested_replacement":null,"suggestion_applicability":null,"expansion":null},{"file_name":"kern-vm\\src\\lib.rs","byte_start":23297,"byte_end":23313,"line_start":730,"line_end":730,"column_start":13,"column_end":29,"is_primary":true,"text":[{"text":"            Instruction::new(0x11, 0, (0u64 << 32) | 42), // LOAD_NUM R0, 42","highlight_start":13,"highlight_end":29}],"label":null,"suggested_replacement":null,"suggestion_applicability":null,"expansion":null}],"children":[{"message":"associated function defined here","code":null,"level":"note","spans":[{"file_name":"C:\\Users\\LENOVO\\OneDrive\\Desktop\\KERN\\kern-bytecode\\src\\lib.rs","byte_start":776,"byte_end":779,"line_start":28,"line_end":28,"column_start":12,"column_end":15,"is_primary":true,"text":[{"text":"    pub fn new(opcode: u8, arg1: u16, arg2: u16, arg3: u16, flags: u8) -> Self {","highlight_start":12,"highlight_end":15}],"label":null,"suggested_replacement":null,"suggestion_applicability":null,"expansion":null}],"children":[],"rendered":null},{"message":"you can convert a `u64` to a `u16` and panic if the converted value doesn't fit","code":null,"level":"help","spans":[{"file_name":"kern-vm\\src\\lib.rs","byte_start":23323,"byte_end":23323,"line_start":730,"line_end":730,"column_start":39,"column_end":39,"is_primary":true,"text":[{"text":"            Instruction::new(0x11, 0, (0u64 << 32) | 42), // LOAD_NUM R0, 42","highlight_start":39,"highlight_end":39}],"label":null,"suggested_replacement":"(","suggestion_applicability":"MachineApplicable","expansion":null},{"file_name":"kern-vm\\src\\lib.rs","byte_start":23340,"byte_end":23340,"line_start":730,"line_end":730,"column_start":56,"column_end":56,"is_primary":true,"text":[{"text":"            Instruction::new(0x11, 0, (0u64 << 32) | 42), // LOAD_NUM R0, 42","highlight_start":56,"highlight_end":56}],"label":null,"suggested_replacement":").try_into().unwrap()","suggestion_applicability":"MachineApplicable","expansion":null}],"children":[],"rendered":null},{"message":"provide the arguments","code":null,"level":"help","spans":[{"file_name":"kern-vm\\src\\lib.rs","byte_start":23313,"byte_end":23341,"line_start":730,"line_end":730,"column_start":29,"column_end":57,"is_primary":true,"text":[{"text":"            Instruction::new(0x11, 0, (0u64 << 32) | 42), // LOAD_NUM R0, 42","highlight_start":29,"highlight_end":57}],"label":null,"suggested_replacement":"(0x11, 0, /* u16 */, /* u16 */, /* u8 */)","suggestion_applicability":"HasPlaceholders","expansion":null}],"children":[],"rendered":null}],"rendered":"\u001b[1m\u001b[91merror[E0061]\u001b[0m\u001b[1m\u001b[97m: this function takes 5 arguments but 3 arguments were supplied\u001b[0m\n   \u001b[1m\u001b[96m--> \u001b[0mkern-vm\\src\\lib.rs:730:13\n    \u001b[1m\u001b[96m|\u001b[0m\n\u001b[1m\u001b[96m730\u001b[0m \u001b[1m\u001b[96m|\u001b[0m             Instruction::new(0x11, 0, (0u64 << 32) | 42), // LOAD_NUM R0, 42\n    \u001b[1m\u001b[96m|\u001b[0m             \u001b[1m\u001b[91m^^^^^^^^^^^^^^^^\u001b[0m\u001b[1m\u001b[96m----------------------------\u001b[0m\n    \u001b[1m\u001b[96m|\u001b[0m                             \u001b[1m\u001b[96m|\u001b[0m         \u001b[1m\u001b[96m|\u001b[0m\n    \u001b[1m\u001b[96m|\u001b[0m                             \u001b[1m\u001b[96m|\u001b[0m         \u001b[1m\u001b[96mexpected `u16`, found `u64`\u001b[0m\n    \u001b[1m\u001b[96m|\u001b[0m                             \u001b[1m\u001b[96mtwo arguments of type `u16` and `u8` are missing\u001b[0m\n    \u001b[1m\u001b[96m|\u001b[0m\n\u001b[1m\u001b[92mnote\u001b[0m: associated function defined here\n   \u001b[1m\u001b[96m--> \u001b[0mC:\\Users\\LENOVO\\OneDrive\\Desktop\\KERN\\kern-bytecode\\src\\lib.rs:28:12\n    \u001b[1m\u001b[96m|\u001b[0m\n \u001b[1m\u001b[96m28\u001b[0m \u001b[1m\u001b[96m|\u001b[0m     pub fn new(opcode: u8, arg1: u16, arg2: u16, arg3: u16, flags: u8) -> Self {\n    \u001b[1m\u001b[96m|\u001b[0m            \u001b[1m\u001b[92m^^^\u001b[0m\n\u001b[1m\u001b[96mhelp\u001b[0m: you can convert a `u64` to a `u16` and panic if the converted value doesn't fit\n    \u001b[1m\u001b[96m|\u001b[0m\n\u001b[1m\u001b[96m730\u001b[0m \u001b[1m\u001b[96m| \u001b[0m            Instruction::new(0x11, 0, \u001b[92m(\u001b[0m(0u64 << 32) | 42\u001b[92m).try_into().unwrap()\u001b[0m), // LOAD_NUM R0, 42\n    \u001b[1m\u001b[96m|\u001b[0m                                       \u001b[92m+\u001b[0m                 \u001b[92m+++++++++++++++++++++\u001b[0m\n\u001b[1m\u001b[96mhelp\u001b[0m: provide the arguments\n    \u001b[1m\u001b[96m|\u001b[0m\n\u001b[1m\u001b[96m730\u001b[0m \u001b[91m- \u001b[0m            Instruction::new\u001b[91m(0x11, 0, (0u64 << 32) | 42)\u001b[0m, // LOAD_NUM R0, 42\n\u001b[1m\u001b[96m730\u001b[0m \u001b[92m+ \u001b[0m            Instruction::new\u001b[92m(0x11, 0, /* u16 */, /* u16 */, /* u8 */)\u001b[0m, // LOAD_NUM R0, 42\n    \u001b[1m\u001b[96m|\u001b[0m\n\n"}
{"$message_type":"diagnostic","message":"this function takes 5 arguments but 3 arguments were supplied","code":{"code":"E0061","explanation":"An invalid number of arguments was passed when calling a function.\n\nErroneous code example:\n\n```compile_fail,E0061\nfn f(u: i32) {}\n\nf(); // error!\n```\n\nThe number of arguments passed to a function must match the number of arguments\nspecified in the function signature.\n\nFor example, a function like:\n\n```\nfn f(a: u16, b: &str) {}\n```\n\nMust always be called with exactly two arguments, e.g., `f(2, \"test\")`.\n\nNote that Rust does not have a notion of optional function arguments or\nvariadic functions (except for its C-FFI).\n"},"level":"error","spans":[{"file_name":"kern-vm\\src\\lib.rs","byte_start":23400,"byte_end":23417,"line_start":731,"line_end":731,"column_start":39,"column_end":56,"is_primary":false,"text":[{"text":"            Instruction::new(0x11, 0, (1u64 << 32) | 24), // LOAD_NUM R1, 24","highlight_start":39,"highlight_end":56}],"label":"expected `u16`, found `u64`","suggested_replacement":null,"suggestion_applicability":null,"expansion":null},{"file_name":"kern-vm\\src\\lib.rs","byte_start":23390,"byte_end":23418,"line_start":731,"line_end":731,"column_start":29,"column_end":57,"is_primary":false,"text":[{"text":"            Instruction::new(0x11, 0, (1u64 << 32) | 24), // LOAD_NUM R1, 24","highlight_start":29,"highlight_end":57}],"label":"two arguments of type `u16` and `u8` are missing","suggested_replacement":null,"suggestion_applicability":null,"expansion":null},{"file_name":"kern-vm\\src\\lib.rs","byte_start":23374,"byte_end":23390,"line_start":731,"line_end":731,"column_start":13,"column_end":29,"is_primary":true,"text":[{"text":"            Instruction::new(0x11, 0, (1u64 << 32) | 24), // LOAD_NUM R1, 24","highlight_start":13,"highlight_end":29}],"label":null,"suggested_replacement":null,"suggestion_applicability":null,"expansion":null}],"children":[{"message":"associated function defined here","code":null,"level":"note","spans":[{"file_name":"C:\\Users\\LENOVO\\OneDrive\\Desktop\\KERN\\kern-bytecode\\src\\lib.rs","byte_start":776,"byte_end":779,"line_start":28,"line_end":28,"column_start":12,"column_end":15,"is_primary":true,"text":[{"text":"    pub fn new(opcode: u8, arg1: u16, arg2: u16, arg3: u16, flags: u8) -> Self {","highlight_start":12,"highlight_end":15}],"label":null,"suggested_replacement":null,"suggestion_applicability":null,"expansion":null}],"children":[],"rendered":null},{"message":"you can convert a `u64` to a `u16` and panic if the converted value doesn't fit","code":null,"level":"help","spans":[{"file_name":"kern-vm\\src\\lib.rs","byte_start":23400,"byte_end":23400,"line_start":731,"line_end":731,"column_start":39,"column_end":39,"is_primary":true,"text":[{"text":"            Instruction::new(0x11, 0, (1u64 << 32) | 24), // LOAD_NUM R1, 24","highlight_start":39,"highlight_end":39}],"label":null,"suggested_replacement":"(","suggestion_applicability":"MachineApplicable","expansion":null},{"file_name":"kern-vm\\src\\lib.rs","byte_start":23417,"byte_end":23417,"line_start":731,"line_end":731,"column_start":56,"column_end":56,"is_primary":true,"text":[{"text":"            Instruction::new(0x11, 0, (1u64 << 32) | 24), // LOAD_NUM R1, 24","highlight_start":56,"highlight_end":56}],"label":null,"suggested_replacement":").try_into().unwrap()","suggestion_applicability":"MachineApplicable","expansion":null}],"children":[],"rendered":null},{"message":"provide the arguments","code":null,"level":"help","spans":[{"file_name":"kern-vm\\src\\lib.rs","byte_start":23390,"byte_end":23418,"line_start":731,"line_end":731,"column_start":29,"column_end":57,"is_primary":true,"text":[{"text":"            Instruction::new(0x11, 0, (1u64 << 32) | 24), // LOAD_NUM R1, 24","highlight_start":29,"highlight_end":57}],"label":null,"suggested_replacement":"(0x11, 0, /* u16 */, /* u16 */, /* u8 */)","suggestion_applicability":"HasPlaceholders","expansion":null}],"children":[],"rendered":null}],"rendered":"\u001b[1m\u001b[91merror[E0061]\u001b[0m\u001b[1m\u001b[97m: this function takes 5 arguments but 3 arguments were supplied\u001b[0m\n   \u001b[1m\u001b[96m--> \u001b[0mkern-vm\\src\\lib.rs:731:13\n    \u001b[1m\u001b[96m|\u001b[0m\n\u001b[1m\u001b[96m731\u001b[0m \u001b[1m\u001b[96m|\u001b[0m             Instruction::new(0x11, 0, (1u64 << 32) | 24), // LOAD_NUM R1, 24\n    \u001b[1m\u001b[96m|\u001b[0m             \u001b[1m\u001b[91m^^^^^^^^^^^^^^^^\u001b[0m\u001b[1m\u001b[96m----------------------------\u001b[0m\n    \u001b[1m\u001b[96m|\u001b[0m                             \u001b[1m\u001b[96m|\u001b[0m         \u001b[1m\u001b[96m|\u001b[0m\n    \u001b[1m\u001b[96m|\u001b[0m                             \u001b[1m\u001b[96m|\u001b[0m         \u001b[1m\u001b[96mexpected `u16`, found `u64`\u001b[0m\n    \u001b[1m\u001b[96m|\u001b[0m                             \u001b[1m\u001b[96mtwo arguments of type `u16` and `u8` are missing\u001b[0m\n    \u001b[1m\u001b[96m|\u001b[0m\n\u001b[1m\u001b[92mnote\u001b[0m: associated function defined here\n   \u001b[1m\u001b[96m--> \u001b[0mC:\\Users\\LENOVO\\OneDrive\\Desktop\\KERN\\kern-bytecode\\src\\lib.rs:28:12\n    \u001b[1m\u001b[96m|\u001b[0m\n \u001b[1m\u001b[96m28\u001b[0m \u001b[1m\u001b[96m|\u001b[0m     pub fn new(opcode: u8, arg1: u16, arg2: u16, arg3: u16, flags: u8) -> Self {\n    \u001b[1m\u001b[96m|\u001b[0m            \u001b[1m\u001b[92m^^^\u001b[0m\n\u001b[1m\u001b[96mhelp\u001b[0m: you can convert a `u64` to a `u16` and panic if the converted value doesn't fit\n    \u001b[1m\u001b[96m|\u001b[0m\n\u001b[1m\u001b[96m731\u001b[0m \u001b[1m\u001b[96m| \u001b[0m            Instruction::new(0x11, 0, \u001b[92m(\u001b[0m(1u64 << 32) | 24\u001b[92m).try_into().unwrap()\u001b[0m), // LOAD_NUM R1, 24\n    \u001b[1m\u001b[96m|\u001b[0m                                       \u001b[92m+\u001b[0m                 \u001b[92m+++++++++++++++++++++\u001b[0m\n\u001b[1m\u001b[96mhelp\u001b[0m: provide the arguments\n    \u001b[1m\u001b[96m|\u001b[0m\n\u001b[1m\u001b[96m731\u001b[0m \u001b[91m- \u001b[0m            Instruction::new\u001b[91m(0x11, 0, (1u64 << 32) | 24)\u001b[0m, // LOAD_NUM R1, 24\n\u001b[1m\u001b[96m731\u001b[0m \u001b[92m+ \u001b[0m            Instruction::new\u001b[92m(0x11, 0, /* u16 */, /* u16 */, /* u8 */)\u001b[0m, // LOAD_NUM R1, 24\n    \u001b[1m\u001b[96m|\u001b[0m\n\n"}
{"$message_type":"diagnostic","message":"this function takes 5 arguments but 3 arguments were supplied","code":{"code":"E0061","explanation":"An invalid number of arguments was passed when calling a function.\n\nErroneous code example:\n\n```compile_fail,E0061\nfn f(u: i32) {}\n\nf(); // error!\n```\n\nThe number of arguments passed to a function must match the number of arguments\nspecified in the function signature.\n\nFor example, a function like:\n\n```\nfn f(a: u16, b: &str) {}\n```\n\nMust always be called with exactly two arguments, e.g., `f(2, \"test\")`.\n\nNote that Rust does not have a notion of optional function arguments or\nvariadic functions (except for its C-FFI).\n"},"level":"error","spans":[{"file_name":"kern-vm\\src\\lib.rs","byte_start":23477,"byte_end":23508,"line_start":732,"line_end":732,"column_start":39,"column_end":70,"is_primary":false,"text":[{"text":"            Instruction::new(0x13, 0, (0u64 << 32) | (1u64 << 16) | 2), // COMPARE R0, R1, R2 (Equal?)","highlight_start":39,"highlight_end":70}],"label":"expected `u16`, found `u64`","suggested_replacement":null,"suggestion_applicability":null,"expansion":null},{"file_name":"kern-vm\\src\\lib.rs","byte_start":23467,"byte_end":23509,"line_start":732,"line_end":732,"column_start":29,"column_end":71,"is_primary":false,"text":[{"text":"            Instruction::new(0x13, 0, (0u64 << 32) | (1u64 << 16) | 2), // COMPARE R0, R1, R2 (Equal?)","highlight_start":29,"highlight_end":71}],"label":"two arguments of type `u16` and `u8` are missing","suggested_replacement":null,"suggestion_applicability":null,"expansion":null},{"file_name":"kern-vm\\src\\lib.rs","byte_start":23451,"byte_end":23467,"line_start":732,"line_end":732,"column_start":13,"column_end":29,"is_primary":true,"text":[{"text":"            Instruction::new(0x13, 0, (0u64 << 32) | (1u64 << 16) | 2), // COMPARE R0, R1, R2 (Equal?)","highlight_start":13,"highlight_end":29}],"label":null,"suggested_replacement":null,"suggestion_applicability":null,"expansion":null}],"children":[{"message":"associated function defined here","code":null,"level":"note","spans":[{"file_name":"C:\\Users\\LENOVO\\OneDrive\\Desktop\\KERN\\kern-bytecode\\src\\lib.rs","byte_start":776,"byte_end":779,"line_start":28,"line_end":28,"column_start":12,"column_end":15,"is_primary":true,"text":[{"text":"    pub fn new(opcode: u8, arg1: u16, arg2: u16, arg3: u16, flags: u8) -> Self {","highlight_start":12,"highlight_end":15}],"label":null,"suggested_replacement":null,"suggestion_applicability":null,"expansion":null}],"children":[],"rendered":null},{"message":"you can convert a `u64` to a `u16` and panic if the converted value doesn't fit","code":null,"level":"help","spans":[{"file_name":"kern-vm\\src\\lib.rs","byte_start":23477,"byte_end":23477,"line_start":732,"line_end":732,"column_start":39,"column_end":39,"is_primary":true,"text":[{"text":"            Instruction::new(0x13, 0, (0u64 << 32) | (1u64 << 16) | 2), // COMPARE R0, R1, R2 (Equal?)","highlight_start":39,"highlight_end":39}],"label":null,"suggested_replacement":"(","suggestion_applicability":"MachineApplicable","expansion":null},{"file_name":"kern-vm\\src\\lib.rs","byte_start":23508,"byte_end":23508,"line_start":732,"line_end":732,"column_start":70,"column_end":70,"is_primary":true,"text":[{"text":"            Instruction::new(0x13, 0, (0u64 << 32) | (1u64 << 16) | 2), // COMPARE R0, R1, R2 (Equal?)","highlight_start":70,"highlight_end":70}],"label":null,"suggested_replacement":").try_into().unwrap()","suggestion_applicability":"MachineApplicable","expansion":null}],"children":[],"rendered":null},{"message":"provide the arguments","code":null,"level":"help","spans":[{"file_name":"kern-vm\\src\\lib.rs","byte_start":23467,"byte_end":23509,"line_start":732,"line_end":732,"column_start":29,"column_end":71,"is_primary":true,"text":[{"text":"            Instruction::new(0x13, 0, (0u64 << 32) | (1u64 << 16) | 2), // COMPARE R0, R1, R2 (Equal?)","highlight_start":29,"highlight_end":71}],"label":null,"suggested_replacement":"(0x13, 0, /* u16 */, /* u16 */, /* u8 */)","suggestion_applicability":"HasPlaceholders","expansion":null}],"children":[],"rendered":null}],"rendered":"\u001b[1m\u001b[91merror[E0061]\u001b[0m\u001b[1m\u001b[97m: this function takes 5 arguments but 3 arguments were supplied\u001b[0m\n   \u001b[1m\u001b[96m--> \u001b[0mkern-vm\\src\\lib.rs:732:13\n    \u001b[1m\u001b[96m|\u001b[0m\n\u001b[1m\u001b[96m732\u001b[0m \u001b[1m\u001b[96m|\u001b[0m             Instruction::new(0x13, 0, (0u64 << 32) | (1u64 << 16) | 2), // COMPARE R0, R1, R2 (Equal?)\n    \u001b[1m\u001b[96m|\u001b[0m             \u001b[1m\u001b[91m^^^^^^^^^^^^^^^^\u001b[0m\u001b[1m\u001b[96m------------------------------------------\u001b[0m\n    \u001b[1m\u001b[96m|\u001b[0m                             \u001b[1m\u001b[96m|\u001b[0m         \u001b[1m\u001b[96m|\u001b[0m\n    \u001b[1m\u001b[96m|\u001b[0m                             \u001b[1m\u001b[96m|\u001b[0m         \u001b[1m\u001b[96mexpected `u16`, found `u64`\u001b[0m\n    \u001b[1m\u001b[96m|\u001b[0m                             \u001b[1m\u001b[96mtwo arguments of type `u16` and `u8` are missing\u001b[0m\n    \u001b[1m\u001b[96m|\u001b[0m\n\u001b[1m\u001b[92mnote\u001b[0m: associated function defined here\n   \u001b[1m\u001b[96m--> \u001b[0mC:\\Users\\LENOVO\\OneDrive\\Desktop\\KERN\\kern-bytecode\\src\\lib.rs:28:12\n    \u001b[1m\u001b[96m|\u001b[0m\n \u001b[1m\u001b[96m28\u001b[0m \u001b[1m\u001b[96m|\u001b[0m     pub fn new(opcode: u8, arg1: u16, arg2: u16, arg3: u16, flags: u8) -> Self {\n    \u001b[1m\u001b[96m|\u001b[0m            \u001b[1m\u001b[92m^^^\u001b[0m\n\u001b[1m\u001b[96mhelp\u001b[0m: you can convert a `u64` to a `u16` and panic if the converted value doesn't fit\n    \u001b[1m\u001b[96m|\u001b[0m\n\u001b[1m\u001b[96m732\u001b[0m \u001b[1m\u001b[96m| \u001b[0m            Instruction::new(0x13, 0, \u001b[92m(\u001b[0m(0u64 << 32) | (1u64 << 16) | 2\u001b[92m).try_into().unwrap()\u001b[0m), // COMPARE R0, R1, R2 (Equal?)\n    \u001b[1m\u001b[96m|\u001b[0m                                       \u001b[92m+\u001b[0m                               \u001b[92m+++++++++++++++++++++\u001b[0m\n\u001b[1m\u001b[96mhelp\u001b[0m: provide the arguments\n    \u001b[1m\u001b[96m|\u001b[0m\n\u001b[1m\u001b[96m732\u001b[0m \u001b[91m- \u001b[0m            Instruction::new\u001b[91m(0x13, 0, (0u64 << 32) | (1u64 << 16) | 2)\u001b[0m, // COMPARE R0, R1, R2 (Equal?)\n\u001b[1m\u001b[96m732\u001b[0m \u001b[92m+ \u001b[0m            Instruction::new\u001b[92m(0x13, 0, /* u16 */, /* u16 */, /* u8 */)\u001b[0m, // COMPARE R0, R1, R2 (Equal?)\n    \u001b[1m\u001b[96m|\u001b[0m\n\n"}
{"$message_type":"diagnostic","message":"this function takes 5 arguments but 3 arguments were supplied","code":{"code":"E0061","explanation":"An invalid number of arguments was passed when calling a function.\n\nErroneous code example:\n\n```compile_fail,E0061\nfn f(u: i32) {}\n\nf(); // error!\n```\n\nThe number of arguments passed to a function must match the number of arguments\nspecified in the function signature.\n\nFor example, a function like:\n\n```\nfn f(a: u16, b: &str) {}\n```\n\nMust always be called with exactly two arguments, e.g., `f(2, \"test\")`.\n\nNote that Rust does not have a notion of optional function arguments or\nvariadic functions (except for its C-FFI).\n"},"level":"error","spans":[{"file_name":"kern-vm\\src\\lib.rs","byte_start":24732,"byte_end":24749,"line_start":774,"line_end":774,"column_start":39,"column_end":56,"is_primary":false,"text":[{"text":"            Instruction::new(0x11, 0, (0u64 << 32) | 42), // LOAD_NUM R0, 42","highlight_start":39,"highlight_end":56}],"label":"expected `u16`, found `u64`","suggested_replacement":null,"suggestion_applicability":null,"expansion":null},{"file_name":"kern-vm\\src\\lib.rs","byte_start":24722,"byte_end":24750,"line_start":774,"line_end":774,"column_start":29,"column_end":57,"is_primary":false,"text":[{"text":"            Instruction::new(0x11, 0, (0u64 << 32) | 42), // LOAD_NUM R0, 42","highlight_start":29,"highlight_end":57}],"label":"two arguments of type `u16` and `u8` are missing","suggested_replacement":null,"suggestion_applicability":null,"expansion":null},{"file_name":"kern-vm\\src\\lib.rs","byte_start":24706,"byte_end":24722,"line_start":774,"line_end":774,"column_start":13,"column_end":29,"is_primary":true,"text":[{"text":"            Instruction::new(0x11, 0, (0u64 << 32) | 42), // LOAD_NUM R0, 42","highlight_start":13,"highlight_end":29}],"label":null,"suggested_replacement":null,"suggestion_applicability":null,"expansion":null}],"children":[{"message":"associated function defined here","code":null,"level":"note","spans":[{"file_name":"C:\\Users\\LENOVO\\OneDrive\\Desktop\\KERN\\kern-bytecode\\src\\lib.rs","byte_start":776,"byte_end":779,"line_start":28,"line_end":28,"column_start":12,"column_end":15,"is_primary":true,"text":[{"text":"    pub fn new(opcode: u8, arg1: u16, arg2: u16, arg3: u16, flags: u8) -> Self {","highlight_start":12,"highlight_end":15}],"label":null,"suggested_replacement":null,"suggestion_applicability":null,"expansion":null}],"children":[],"rendered":null},{"message":"you can convert a `u64` to a `u16` and panic if the converted value doesn't fit","code":null,"level":"help","spans":[{"file_name":"kern-vm\\src\\lib.rs","byte_start":24732,"byte_end":24732,"line_start":774,"line_end":774,"column_start":39,"column_end":39,"is_primary":true,"text":[{"text":"            Instruction::new(0x11, 0, (0u64 << 32) | 42), // LOAD_NUM R0, 42","highlight_start":39,"highlight_end":39}],"label":null,"suggested_replacement":"(","suggestion_applicability":"MachineApplicable","expansion":null},{"file_name":"kern-vm\\src\\lib.rs","byte_start":24749,"byte_end":24749,"line_start":774,"line_end":774,"column_start":56,"column_end":56,"is_primary":true,"text":[{"text":"            Instruction::new(0x11, 0, (0u64 << 32) | 42), // LOAD_NUM R0, 42","highlight_start":56,"highlight_end":56}],"label":null,"suggested_replacement":").try_into().unwrap()","suggestion_applicability":"MachineApplicable","expansion":null}],"children":[],"rendered":null},{"message":"provide the arguments","code":null,"level":"help","spans":[{"file_name":"kern-vm\\src\\lib.rs","byte_start":24722,"byte_end":24750,"line_start":774,"line_end":774,"column_start":29,"column_end":57,"is_primary":true,"text":[{"text":"            Instruction::new(0x11, 0, (0u64 << 32) | 42), // LOAD_NUM R0, 42","highlight_start":29,"highlight_end":57}],"label":null,"suggested_replacement":"(0x11, 0, /* u16 */, /* u16 */, /* u8 */)","suggestion_applicability":"HasPlaceholders","expansion":null}],"children":[],"rendered":null}],"rendered":"\u001b[1m\u001b[91merror[E0061]\u001b[0m\u001b[1m\u001b[97m: this function takes 5 arguments but 3 arguments were supplied\u001b[0m\n   \u001b[1m\u001b[96m--> \u001b[0mkern-vm\\src\\lib.rs:774:13\n    \u001b[1m\u001b[96m|\u001b[0m\n\u001b[1m\u001b[96m774\u001b[0m \u001b[1m\u001b[96m|\u001b[0m             Instruction::new(0x11, 0, (0u64 << 32) | 42), // LOAD_NUM R0, 42\n    \u001b[1m\u001b[96m|\u001b[0m             \u001b[1m\u001b[91m^^^^^^^^^^^^^^^^\u001b[0m\u001b[1m\u001b[96m----------------------------\u001b[0m\n    \u001b[1m\u001b[96m|\u001b[0m                             \u001b[1m\u001b[96m|\u001b[0m         \u001b[1m\u001b[96m|\u001b[0m\n    \u001b[1m\u001b[96m|\u001b[0m                             \u001b[1m\u001b[96m|\u001b[0m         \u001b[1m\u001b[96mexpected `u16`, found `u64`\u001b[0m\n    \u001b[1m\u001b[96m|\u001b[0m                             \u001b[1m\u001b[96mtwo arguments of type `u16` and `u8` are missing\u001b[0m\n    \u001b[1m\u001b[96m|\u001b[0m\n\u001b[1m\u001b[92mnote\u001b[0m: associated function defined here\n   \u001b[1m\u001b[96m--> \u001b[0mC:\\Users\\LENOVO\\OneDrive\\Desktop\\KERN\\kern-bytecode\\src\\lib.rs:28:12\n    \u001b[1m\u001b[96m|\u001b[0m\n \u001b[1m\u001b[96m28\u001b[0m \u001b[1m\u001b[96m|\u001b[0m     pub fn new(opcode: u8, arg1: u16, arg2: u16, arg3: u16, flags: u8) -> Self {\n    \u001b[1m\u001b[96m|\u001b[0m            \u001b[1m\u001b[92m^^^\u001b[0m\n\u001b[1m\u001b[96mhelp\u001b[0m: you can convert a `u64` to a `u16` and panic if the converted value doesn't fit\n    \u001b[1m\u001b[96m|\u001b[0m\n\u001b[1m\u001b[96m774\u001b[0m \u001b[1m\u001b[96m| \u001b[0m            Instruction::new(0x11, 0, \u001b[92m(\u001b[0m(0u64 << 32) | 42\u001b[92m).try_into().unwrap()\u001b[0m), // LOAD_NUM R0, 42\n    \u001b[1m\u001b[96m|\u001b[0m                                       \u001b[92m+\u001b[0m                 \u001b[92m+++++++++++++++++++++\u001b[0m\n\u001b[1m\u001b[96mhelp\u001b[0m: provide the arguments\n    \u001b[1m\u001b[96m|\u001b[0m\n\u001b[1m\u001b[96m774\u001b[0m \u001b[91m- \u001b[0m            Instruction::new\u001b[91m(0x11, 0, (0u64 << 32) | 42)\u001b[0m, // LOAD_NUM R0, 42\n\u001b[1m\u001b[96m774\u001b[0m \u001b[92m+ \u001b[0m            Instruction::new\u001b[92m(0x11, 0, /* u16 */, /* u16 */, /* u8 */)\u001b[0m, // LOAD_NUM R0, 42\n    \u001b[1m\u001b[96m|\u001b[0m\n\n"}
{"$message_type":"diagnostic","message":"this function takes 5 arguments but 3 arguments were supplied","code":{"code":"E0061","explanation":"An invalid number of arguments was passed when calling a function.\n\nErroneous code example:\n\n```compile_fail,E0061\nfn f(u: i32) {}\n\nf(); // error!\n```\n\nThe number of arguments passed to a function must match the number of arguments\nspecified in the function signature.\n\nFor example, a function like:\n\n```\nfn f(a: u16, b: &str) {}\n```\n\nMust always be called with exactly two arguments, e.g., `f(2, \"test\")`.\n\nNote that Rust does not have a notion of optional function arguments or\nvariadic functions (except for its C-FFI).\n"},"level":"error","spans":[{"file_name":"kern-vm\\src\\lib.rs","byte_start":24809,"byte_end":24826,"line_start":775,"line_end":775,"column_start":39,"column_end":56,"is_primary":false,"text":[{"text":"            Instruction::new(0x11, 0, (1u64 << 32) | 24), // LOAD_NUM R1, 24","highlight_start":39,"highlight_end":56}],"label":"expected `u16`, found `u64`","suggested_replacement":null,"suggestion_applicability":null,"expansion":null},{"file_name":"kern-vm\\src\\lib.rs","byte_start":24799,"byte_end":24827,"line_start":775,"line_end":775,"column_start":29,"column_end":57,"is_primary":false,"text":[{"text":"            Instruction::new(0x11, 0, (1u64 << 32) | 24), // LOAD_NUM R1, 24","highlight_start":29,"highlight_end":57}],"label":"two arguments of type `u16` and `u8` are missing","suggested_replacement":null,"suggestion_applicability":null,"expansion":null},{"file_name":"kern-vm\\src\\lib.rs","byte_start":24783,"byte_end":24799,"line_start":775,"line_end":775,"column_start":13,"column_end":29,"is_primary":true,"text":[{"text":"            Instruction::new(0x11, 0, (1u64 << 32) | 24), // LOAD_NUM R1, 24","highlight_start":13,"highlight_end":29}],"label":null,"suggested_replacement":null,"suggestion_applicability":null,"expansion":null}],"children":[{"message":"associated function defined here","code":null,"level":"note","spans":[{"file_name":"C:\\Users\\LENOVO\\OneDrive\\Desktop\\KERN\\kern-bytecode\\src\\lib.rs","byte_start":776,"byte_end":779,"line_start":28,"line_end":28,"column_start":12,"column_end":15,"is_primary":true,"text":[{"text":"    pub fn new(opcode: u8, arg1: u16, arg2: u16, arg3: u16, flags: u8) -> Self {","highlight_start":12,"highlight_end":15}],"label":null,"suggested_replacement":null,"suggestion_applicability":null,"expansion":null}],"children":[],"rendered":null},{"message":"you can convert a `u64` to a `u16` and panic if the converted value doesn't fit","code":null,"level":"help","spans":[{"file_name":"kern-vm\\src\\lib.rs","byte_start":24809,"byte_end":24809,"line_start":775,"line_end":775,"column_start":39,"column_end":39,"is_primary":true,"text":[{"text":"            Instruction::new(0x11, 0, (1u64 << 32) | 24), // LOAD_NUM R1, 24","highlight_start":39,"highlight_end":39}],"label":null,"suggested_replacement":"(","suggestion_applicability":"MachineApplicable","expansion":null},{"file_name":"kern-vm\\src\\lib.rs","byte_start":24826,"byte_end":24826,"line_start":775,"line_end":775,"column_start":56,"column_end":56,"is_primary":true,"text":[{"text":"            Instruction::new(0x11, 0, (1u64 << 32) | 24), // LOAD_NUM R1, 24","highlight_start":56,"highlight_end":56}],"label":null,"suggested_replacement":").try_into().unwrap()","suggestion_applicability":"MachineApplicable","expansion":null}],"children":[],"rendered":null},{"message":"provide the arguments","code":null,"level":"help","spans":[{"file_name":"kern-vm\\src\\lib.rs","byte_start":24799,"byte_end":24827,"line_start":775,"line_end":775,"column_start":29,"column_end":57,"is_primary":true,"text":[{"text":"            Instruction::new(0x11, 0, (1u64 << 32) | 24), // LOAD_NUM R1, 24","highlight_start":29,"highlight_end":57}],"label":null,"suggested_replacement":"(0x11, 0, /* u16 */, /* u16 */, /* u8 */)","suggestion_applicability":"HasPlaceholders","expansion":null}],"children":[],"rendered":null}],"rendered":"\u001b[1m\u001b[91merror[E0061]\u001b[0m\u001b[1m\u001b[97m: this function takes 5 arguments but 3 arguments were supplied\u001b[0m\n   \u001b[1m\u001b[96m--> \u001b[0mkern-vm\\src\\lib.rs:775:13\n    \u001b[1m\u001b[96m|\u001b[0m\n\u001b[1m\u001b[96m775\u001b[0m \u001b[1m\u001b[96m|\u001b[0m             Instruction::new(0x11, 0, (1u64 << 32) | 24), // LOAD_NUM R1, 24\n    \u001b[1m\u001b[96m|\u001b[0m             \u001b[1m\u001b[91m^^^^^^^^^^^^^^^^\u001b[0m\u001b[1m\u001b[96m----------------------------\u001b[0m\n    \u001b[1m\u001b[96m|\u001b[0m                             \u001b[1m\u001b[96m|\u001b[0m         \u001b[1m\u001b[96m|\u001b[0m\n    \u001b[1m\u001b[96m|\u001b[0m                             \u001b[1m\u001b[96m|\u001b[0m         \u001b[1m\u001b[96mexpected `u16`, found `u64`\u001b[0m\n    \u001b[1m\u001b[96m|\u001b[0m                             \u001b[1m\u001b[96mtwo arguments of type `u16` and `u8` are missing\u001b[0m\n    \u001b[1m\u001b[96m|\u001b[0m\n\u001b[1m\u001b[92mnote\u001b[0m: associated function defined here\n   \u001b[1m\u001b[96m--> \u001b[0mC:\\Users\\LENOVO\\OneDrive\\Desktop\\KERN\\kern-bytecode\\src\\lib.rs:28:12\n    \u001b[1m\u001b[96m|\u001b[0m\n \u001b[1m\u001b[96m28\u001b[0m \u001b[1m\u001b[96m|\u001b[0m     pub fn new(opcode: u8, arg1: u16, arg2: u16, arg3: u16, flags: u8) -> Self {\n    \u001b[1m\u001b[96m|\u001b[0m            \u001b[1m\u001b[92m^^^\u001b[0m\n\u001b[1m\u001b[96mhelp\u001b[0m: you can convert a `u64` to a `u16` and panic if the converted value doesn't fit\n    \u001b[1m\u001b[96m|\u001b[0m\n\u001b[1m\u001b[96m775\u001b[0m \u001b[1m\u001b[96m| \u001b[0m            Instruction::new(0x11, 0, \u001b[92m(\u001b[0m(1u64 << 32) | 24\u001b[92m).try_into().unwrap()\u001b[0m), // LOAD_NUM R1, 24\n    \u001b[1m\u001b[96m|\u001b[0m                                       \u001b[92m+\u001b[0m                 \u001b[92m+++++++++++++++++++++\u001b[0m\n\u001b[1m\u001b[96mhelp\u001b[0m: provide the arguments\n    \u001b[1m\u001b[96m|\u001b[0m\n\u001b[1m\u001b[96m775\u001b[0m \u001b[91m- \u001b[0m            Instruction::new\u001b[91m(0x11, 0, (1u64 << 32) | 24)\u001b[0m, // LOAD_NUM R1, 24\n\u001b[1m\u001b[96m775\u001b[0m \u001b[92m+ \u001b[0m            Instruction::new\u001b[92m(0x11, 0, /* u16 */, /* u16 */, /* u8 */)\u001b[0m, // LOAD_NUM R1, 24\n    \u001b[1m\u001b[96m|\u001b[0m\n\n"}
{"$message_type":"diagnostic","message":"this function takes 5 arguments but 3 arguments were supplied","code":{"code":"E0061","explanation":"An invalid number of arguments was passed when calling a function.\n\nErroneous code example:\n\n```compile_fail,E0061\nfn f(u: i32) {}\n\nf(); // error!\n```\n\nThe number of arguments passed to a function must match the number of arguments\nspecified in the function signature.\n\nFor example, a function like:\n\n```\nfn f(a: u16, b: &str) {}\n```\n\nMust always be called with exactly two arguments, e.g., `f(2, \"test\")`.\n\nNote that Rust does not have a notion of optional function arguments or\nvariadic functions (except for its C-FFI).\n"},"level":"error","spans":[{"file_name":"kern-vm\\src\\lib.rs","byte_start":24886,"byte_end":24917,"line_start":776,"line_end":776,"column_start":39,"column_end":70,"is_primary":false,"text":[{"text":"            Instruction::new(0x13, 0, (0u64 << 32) | (1u64 << 16) | 2), // COMPARE R0, R1, R2 (Equal?)","highlight_start":39,"highlight_end":70}],"label":"expected `u16`, found `u64`","suggested_replacement":null,"suggestion_applicability":null,"expansion":null},{"file_name":"kern-vm\\src\\lib.rs","byte_start":24876,"byte_end":24918,"line_start":776,"line_end":776,"column_start":29,"column_end":71,"is_primary":false,"text":[{"text":"            Instruction::new(0x13, 0, (0u64 << 32) | (1u64 << 16) | 2), // COMPARE R0, R1, R2 (Equal?)","highlight_start":29,"highlight_end":71}],"label":"two arguments of type `u16` and `u8` are missing","suggested_replacement":null,"suggestion_applicability":null,"expansion":null},{"file_name":"kern-vm\\src\\lib.rs","byte_start":24860,"byte_end":24876,"line_start":776,"line_end":776,"column_start":13,"column_end":29,"is_primary":true,"text":[{"text":"            Instruction::new(0x13, 0, (0u64 << 32) | (1u64 << 16) | 2), // COMPARE R0, R1, R2 (Equal?)","highlight_start":13,"highlight_end":29}],"label":null,"suggested_replacement":null,"suggestion_applicability":null,"expansion":null}],"children":[{"message":"associated function defined here","code":null,"level":"note","spans":[{"file_name":"C:\\Users\\LENOVO\\OneDrive\\Desktop\\KERN\\kern-bytecode\\src\\lib.rs","byte_start":776,"byte_end":779,"line_start":28,"line_end":28,"column_start":12,"column_end":15,"is_primary":true,"text":[{"text":"    pub fn new(opcode: u8, arg1: u16, arg2: u16, arg3: u16, flags: u8) -> Self {","highlight_start":12,"highlight_end":15}],"label":null,"suggested_replacement":null,"suggestion_applicability":null,"expansion":null}],"children":[],"rendered":null},{"message":"you can convert a `u64` to a `u16` and panic if the converted value doesn't fit","code":null,"level":"help","spans":[{"file_name":"kern-vm\\src\\lib.rs","byte_start":24886,"byte_end":24886,"line_start":776,"line_end":776,"column_start":39,"column_end":39,"is_primary":true,"text":[{"text":"            Instruction::new(0x13, 0, (0u64 << 32) | (1u64 << 16) | 2), // COMPARE R0, R1, R2 (Equal?)","highlight_start":39,"highlight_end":39}],"label":null,"suggested_replacement":"(","suggestion_applicability":"MachineApplicable","expansion":null},{"file_name":"kern-vm\\src\\lib.rs","byte_start":24917,"byte_end":24917,"line_start":776,"line_end":776,"column_start":70,"column_end":70,"is_primary":true,"text":[{"text":"            Instruction::new(0x13, 0, (0u64 << 32) | (1u64 << 16) | 2), // COMPARE R0, R1, R2 (Equal?)","highlight_start":70,"highlight_end":70}],"label":null,"suggested_replacement":").try_into().unwrap()","suggestion_applicability":"MachineApplicable","expansion":null}],"children":[],"rendered":null},{"message":"provide the arguments","code":null,"level":"help","spans":[{"file_name":"kern-vm\\src\\lib.rs","byte_start":24876,"byte_end":24918,"line_start":776,"line_end":776,"column_start":29,"column_end":71,"is_primary":true,"text":[{"text":"            Instruction::new(0x13, 0, (0u64 << 32) | (1u64 << 16) | 2), // COMPARE R0, R1, R2 (Equal?)","highlight_start":29,"highlight_end":71}],"label":null,"suggested_replacement":"(0x13, 0, /* u16 */, /* u16 */, /* u8 */)","suggestion_applicability":"HasPlaceholders","expansion":null}],"children":[],"rendered":null}],"rendered":"\u001b[1m\u001b[91merror[E0061]\u001b[0m\u001b[1m\u001b[97m: this function takes 5 arguments but 3 arguments were supplied\u001b[0m\n   \u001b[1m\u001b[96m--> \u001b[0mkern-vm\\src\\lib.rs:776:13\n    \u001b[1m\u001b[96m|\u001b[0m\n\u001b[1m\u001b[96m776\u001b[0m \u001b[1m\u001b[96m|\u001b[0m             Instruction::new(0x13, 0, (0u64 << 32) | (1u64 << 16) | 2), // COMPARE R0, R1, R2 (Equal?)\n    \u001b[1m\u001b[96m|\u001b[0m             \u001b[1m\u001b[91m^^^^^^^^^^^^^^^^\u001b[0m\u001b[1m\u001b[96m------------------------------------------\u001b[0m\n    \u001b[1m\u001b[96m|\u001b[0m                             \u001b[1m\u001b[96m|\u001b[0m         \u001b[1m\u001b[96m|\u001b[0m\n    \u001b[1m\u001b[96m|\u001b[0m                             \u001b[1m\u001b[96m|\u001b[0m         \u001b[1m\u001b[96mexpected `u16`, found `u64`\u001b[0m\n    \u001b[1m\u001b[96m|\u001b[0m                             \u001b[1m\u001b[96mtwo arguments of type `u16` and `u8` are missing\u001b[0m\n    \u001b[1m\u001b[96m|\u001b[0m\n\u001b[1m\u001b[92mnote\u001b[0m: associated function defined here\n   \u001b[1m\u001b[96m--> \u001b[0mC:\\Users\\LENOVO\\OneDrive\\Desktop\\KERN\\kern-bytecode\\src\\lib.rs:28:12\n    \u001b[1m\u001b[96m|\u001b[0m\n \u001b[1m\u001b[96m28\u001b[0m \u001b[1m\u001b[96m|\u001b[0m     pub fn new(opcode: u8, arg1: u16, arg2: u16, arg3: u16, flags: u8) -> Self {\n    \u001b[1m\u001b[96m|\u001b[0m            \u001b[1m\u001b[92m^^^\u001b[0m\n\u001b[1m\u001b[96mhelp\u001b[0m: you can convert a `u64` to a `u16` and panic if the converted value doesn't fit\n    \u001b[1m\u001b[96m|\u001b[0m\n\u001b[1m\u001b[96m776\u001b[0m \u001b[1m\u001b[96m| \u001b[0m            Instruction::new(0x13, 0, \u001b[92m(\u001b[0m(0u64 << 32) | (1u64 << 16) | 2\u001b[92m).try_into().unwrap()\u001b[0m), // COMPARE R0, R1, R2 (Equal?)\n    \u001b[1m\u001b[96m|\u001b[0m                                       \u001b[92m+\u001b[0m                               \u001b[92m+++++++++++++++++++++\u001b[0m\n\u001b[1m\u001b[96mhelp\u001b[0m: provide the arguments\n    \u001b[1m\u001b[96m|\u001b[0m\n\u001b[1m\u001b[96m776\u001b[0m \u001b[91m- \u001b[0m            Instruction::new\u001b[91m(0x13, 0, (0u64 << 32) | (1u64 << 16) | 2)\u001b[0m, // COMPARE R0, R1, R2 (Equal?)\n\u001b[1m\u001b[96m776\u001b[0m \u001b[92m+ \u001b[0m            Instruction::new\u001b[92m(0x13, 0, /* u16 */, /* u16 */, /* u8 */)\u001b[0m, // COMPARE R0, R1, R2 (Equal?)\n    \u001b[1m\u001b[96m|\u001b[0m\n\n"}
{"$message_type":"diagnostic","message":"variable does not need to be mutable","code":{"code":"unused_mut","explanation":null},"level":"warning","spans":[{"file_name":"kern-vm\\src\\lib.rs","byte_start":25542,"byte_end":25548,"line_start":797,"line_end":797,"column_start":13,"column_end":19,"is_primary":true,"text":[{"text":"        let mut vm = VirtualMachine::new();","highlight_start":13,"highlight_end":19}],"label":null,"suggested_replacement":null,"suggestion_applicability":null,"expansion":null}],"children":[{"message":"`#[warn(unused_mut)]` (part of `#[warn(unused)]`) on by default","code":null,"level":"note","spans":[],"children":[],"rendered":null},{"message":"remove this `mut`","code":null,"level":"help","spans":[{"file_name":"kern-vm\\src\\lib.rs","byte_start":25542,"byte_end":25546,"line_start":797,"line_end":797,"column_start":13,"column_end":17,"is_primary":true,"text":[{"text":"        let mut vm = VirtualMachine::new();","highlight_start":13,"highlight_end":17}],"label":null,"suggested_replacement":"","suggestion_applicability":"MachineApplicable","expansion":null}],"children":[],"rendered":null}],"rendered":"\u001b[1m\u001b[93mwarning\u001b[0m\u001b[1m\u001b[97m: variable does not need to be mutable\u001b[0m\n   \u001b[1m\u001b[96m--> \u001b[0mkern-vm\\src\\lib.rs:797:13\n    \u001b[1m\u001b[96m|\u001b[0m\n\u001b[1m\u001b[96m797\u001b[0m \u001b[1m\u001b[96m|\u001b[0m         let mut vm = VirtualMachine::new();\n    \u001b[1m\u001b[96m|\u001b[0m             \u001b[1m\u001b[96m----\u001b[0m\u001b[1m\u001b[93m^^\u001b[0m\n    \u001b[1m\u001b[96m|\u001b[0m             \u001b[1m\u001b[96m|\u001b[0m\n    \u001b[1m\u001b[96m|\u001b[0m             \u001b[1m\u001b[96mhelp: remove this `mut`\u001b[0m\n    \u001b[1m\u001b[96m|\u001b[0m\n    \u001b[1m\u001b[96m= \u001b[0m\u001b[1m\u001b[97mnote\u001b[0m: `#[warn(unused_mut)]` (part of `#[warn(unused)]`) on by default\n\n"}
{"$message_type":"diagnostic","message":"aborting due to 7 previous errors; 2 warnings emitted","code":null,"level":"error","spans":[],"children":[],"rendered":"\u001b[1m\u001b[91merror\u001b[0m\u001b[1m\u001b[97m: aborting due to 7 previous errors; 2 warnings emitted\u001b[0m\n\n"}
{"$message_type":"diagnostic","message":"Some errors have detailed explanations: E0061, E0432.","code":null,"level":"failure-note","spans":[],"children":[],"rendered":"\u001b[1m\u001b[97mSome errors have detailed explanations: E0061, E0432.\u001b[0m\n"}
{"$message_type":"diagnostic","message":"For more information about an error, try `rustc --explain E0061`.","code":null,"level":"failure-note","spans":[],"children":[],"rendered":"\u001b[1m\u001b[97mFor more information about an error, try `rustc --explain E0061`.\u001b[0m\n"}
